{"app":"main","level":"info","message":"BEGIN: GET /api/pm:listEnabled","reqId":"8bf93d2e-9f43-4f5e-baf0-7b38c552e380","timestamp":"2023-11-12T12:22:09.402Z"}
{"app":"main","level":"warn","message":"END: GET /api/pm:listEnabled","req":{"action":{"actionName":"listEnabled","params":{"actionName":"listEnabled","resourceName":"pm"},"resourceName":"pm"},"header":{"x-locale":"en-US","x-role":"root"}},"reqId":"8bf93d2e-9f43-4f5e-baf0-7b38c552e380","res":{"status":404},"responseTime":7,"timestamp":"2023-11-12T12:22:09.410Z"}
{"app":"main","level":"info","message":"BEGIN: GET /api/pm:listEnabled","reqId":"3a7da6c4-ddb7-4c2b-8df5-659d170c6804","timestamp":"2023-11-12T12:22:09.580Z"}
{"app":"main","level":"warn","message":"END: GET /api/pm:listEnabled","req":{"action":{"actionName":"listEnabled","params":{"actionName":"listEnabled","resourceName":"pm"},"resourceName":"pm"},"header":{"x-locale":"en-US","x-role":"root"}},"reqId":"3a7da6c4-ddb7-4c2b-8df5-659d170c6804","res":{"status":404},"responseTime":3,"timestamp":"2023-11-12T12:22:09.583Z"}
{"app":"main","level":"info","message":"BEGIN: GET /api/pm:listEnabled","reqId":"631fa476-a26a-4eb1-88ed-4a57411addae","timestamp":"2023-11-12T12:22:09.752Z"}
{"app":"main","level":"warn","message":"END: GET /api/pm:listEnabled","req":{"action":{"actionName":"listEnabled","params":{"actionName":"listEnabled","resourceName":"pm"},"resourceName":"pm"},"header":{"x-locale":"en-US","x-role":"root"}},"reqId":"631fa476-a26a-4eb1-88ed-4a57411addae","res":{"status":404},"responseTime":3,"timestamp":"2023-11-12T12:22:09.755Z"}
{"app":"main","level":"info","message":"BEGIN: GET /api/pm:listEnabled","reqId":"a86e80f4-e9ff-4dfc-b6ef-41d886230f64","timestamp":"2023-11-12T12:22:52.344Z"}
{"app":"main","level":"warn","message":"auth, AuthManager.storer is not set.","timestamp":"2023-11-12T12:22:52.349Z"}
{"app":"main","can":null,"level":"info","message":"ctx permission","reqId":"a86e80f4-e9ff-4dfc-b6ef-41d886230f64","skip":true,"timestamp":"2023-11-12T12:22:52.350Z"}
{"app":"main","level":"info","message":"acl params","reqId":"a86e80f4-e9ff-4dfc-b6ef-41d886230f64","timestamp":"2023-11-12T12:22:52.351Z"}
{"app":"main","level":"info","message":"acl parsedParams","reqId":"a86e80f4-e9ff-4dfc-b6ef-41d886230f64","timestamp":"2023-11-12T12:22:52.351Z"}
{"app":"main","level":"info","message":"END: GET /api/pm:listEnabled","req":{"action":{"actionName":"listEnabled","params":{"actionName":"listEnabled","resourceName":"pm"},"resourceName":"pm"},"header":{"x-locale":"en-US","x-role":"root"}},"reqId":"a86e80f4-e9ff-4dfc-b6ef-41d886230f64","res":{"status":200},"responseTime":11,"timestamp":"2023-11-12T12:22:52.356Z"}
{"app":"main","level":"info","message":"BEGIN: GET /api/pm:listEnabled","reqId":"abe06459-38a0-4381-8dba-558651703a5a","timestamp":"2023-11-12T12:23:05.351Z"}
{"app":"main","level":"warn","message":"auth, AuthManager.storer is not set.","timestamp":"2023-11-12T12:23:05.353Z"}
{"app":"main","can":null,"level":"info","message":"ctx permission","reqId":"abe06459-38a0-4381-8dba-558651703a5a","skip":true,"timestamp":"2023-11-12T12:23:05.353Z"}
{"app":"main","level":"info","message":"acl params","reqId":"abe06459-38a0-4381-8dba-558651703a5a","timestamp":"2023-11-12T12:23:05.353Z"}
{"app":"main","level":"info","message":"acl parsedParams","reqId":"abe06459-38a0-4381-8dba-558651703a5a","timestamp":"2023-11-12T12:23:05.354Z"}
{"app":"main","level":"info","message":"END: GET /api/pm:listEnabled","req":{"action":{"actionName":"listEnabled","params":{"actionName":"listEnabled","resourceName":"pm"},"resourceName":"pm"},"header":{"x-locale":"en-US","x-role":"root"}},"reqId":"abe06459-38a0-4381-8dba-558651703a5a","res":{"status":200},"responseTime":5,"timestamp":"2023-11-12T12:23:05.356Z"}
{"app":"main","level":"info","message":"BEGIN: GET /api/pm:listEnabled","reqId":"9ab176af-c493-4bed-8fcc-61e93bfc04a1","timestamp":"2023-11-12T12:23:19.865Z"}
{"app":"main","level":"warn","message":"auth, AuthManager.storer is not set.","timestamp":"2023-11-12T12:23:19.869Z"}
{"app":"main","can":null,"level":"info","message":"ctx permission","reqId":"9ab176af-c493-4bed-8fcc-61e93bfc04a1","skip":true,"timestamp":"2023-11-12T12:23:19.869Z"}
{"app":"main","level":"info","message":"acl params","reqId":"9ab176af-c493-4bed-8fcc-61e93bfc04a1","timestamp":"2023-11-12T12:23:19.870Z"}
{"app":"main","level":"info","message":"acl parsedParams","reqId":"9ab176af-c493-4bed-8fcc-61e93bfc04a1","timestamp":"2023-11-12T12:23:19.870Z"}
{"app":"main","level":"info","message":"END: GET /api/pm:listEnabled","req":{"action":{"actionName":"listEnabled","params":{"actionName":"listEnabled","resourceName":"pm"},"resourceName":"pm"},"header":{"x-locale":"en-US","x-role":"root"}},"reqId":"9ab176af-c493-4bed-8fcc-61e93bfc04a1","res":{"status":200},"responseTime":8,"timestamp":"2023-11-12T12:23:19.873Z"}
{"app":"main","level":"info","message":"BEGIN: GET /api/pm:listEnabled","reqId":"e3242684-e805-4126-8a31-a82e5b4e6c0c","timestamp":"2023-11-12T12:23:58.025Z"}
{"app":"main","level":"warn","message":"auth, AuthManager.storer is not set.","timestamp":"2023-11-12T12:23:58.027Z"}
{"app":"main","can":null,"level":"info","message":"ctx permission","reqId":"e3242684-e805-4126-8a31-a82e5b4e6c0c","skip":true,"timestamp":"2023-11-12T12:23:58.027Z"}
{"app":"main","level":"info","message":"acl params","reqId":"e3242684-e805-4126-8a31-a82e5b4e6c0c","timestamp":"2023-11-12T12:23:58.028Z"}
{"app":"main","level":"info","message":"acl parsedParams","reqId":"e3242684-e805-4126-8a31-a82e5b4e6c0c","timestamp":"2023-11-12T12:23:58.028Z"}
{"app":"main","level":"info","message":"END: GET /api/pm:listEnabled","req":{"action":{"actionName":"listEnabled","params":{"actionName":"listEnabled","resourceName":"pm"},"resourceName":"pm"},"header":{"x-locale":"en-US","x-role":"root"}},"reqId":"e3242684-e805-4126-8a31-a82e5b4e6c0c","res":{"status":200},"responseTime":5,"timestamp":"2023-11-12T12:23:58.030Z"}
